2023-01-03T03:37:46+00:00 CRITICAL Uncaught Error: Call to a member function get_tax_class() on null in /home/lah69881/public_html/lahacafe.vn/banhang/wp-content/plugins/woocommerce/includes/class-wc-cart-totals.php:225
Stack trace:
#0 /home/lah69881/public_html/lahacafe.vn/banhang/wp-content/plugins/woocommerce/includes/class-wc-cart-totals.php(651): WC_Cart_Totals->get_items_from_cart()
#1 /home/lah69881/public_html/lahacafe.vn/banhang/wp-content/plugins/woocommerce/includes/class-wc-cart-totals.php(143): WC_Cart_Totals->calculate_item_totals()
#2 /home/lah69881/public_html/lahacafe.vn/banhang/wp-content/plugins/woocommerce/includes/class-wc-cart-totals.php(134): WC_Cart_Totals->calculate()
#3 /home/lah69881/public_html/lahacafe.vn/banhang/wp-content/plugins/woocommerce/includes/class-wc-cart.php(1398): WC_Cart_Totals->__construct(Object(WC_Cart))
#4 /home/lah69881/public_html/lahacafe.vn/banhang/wp-content/plugins/woocommerce/includes/class-wc-form-handler.php(699): WC_Cart->calculate_totals()
#5 /home/lah69881/public_html/lahacafe.vn/banha in /home/lah69881/public_html/lahacafe.vn/banhang/wp-content/plugins/woocommerce/includes/class-wc-cart-totals.php on line 225

2023-01-03T07:42:59+00:00 CRITICAL syntax error, unexpected '?>' in /home/lah69881/public_html/lahacafe.vn/banhang/wp-content/themes/eduma-child/functions.php on line 479

2023-01-03T07:42:59+00:00 CRITICAL syntax error, unexpected '?>' in /home/lah69881/public_html/lahacafe.vn/banhang/wp-content/themes/eduma-child/functions.php on line 479

2023-01-03T07:44:31+00:00 CRITICAL syntax error, unexpected '!', expecting identifier (T_STRING) or variable (T_VARIABLE) or '{' or '$' in /home/lah69881/public_html/lahacafe.vn/banhang/wp-content/themes/eduma-child/functions.php on line 479

2023-01-03T07:44:31+00:00 CRITICAL syntax error, unexpected '!', expecting identifier (T_STRING) or variable (T_VARIABLE) or '{' or '$' in /home/lah69881/public_html/lahacafe.vn/banhang/wp-content/themes/eduma-child/functions.php on line 479

2023-01-03T07:46:42+00:00 CRITICAL syntax error, unexpected '||' (T_BOOLEAN_OR) in /home/lah69881/public_html/lahacafe.vn/banhang/wp-content/themes/eduma-child/functions.php on line 471

2023-01-03T07:46:42+00:00 CRITICAL syntax error, unexpected '||' (T_BOOLEAN_OR) in /home/lah69881/public_html/lahacafe.vn/banhang/wp-content/themes/eduma-child/functions.php on line 471

2023-01-03T07:48:05+00:00 CRITICAL Uncaught Error: Call to undefined function is_in_stock() in /home/lah69881/public_html/lahacafe.vn/banhang/wp-content/themes/eduma-child/functions.php:471
Stack trace:
#0 /home/lah69881/public_html/lahacafe.vn/banhang/wp-includes/shortcodes.php(355): product_laha(Array, '', 'product_laha_sh...')
#1 [internal function]: do_shortcode_tag(Array)
#2 /home/lah69881/public_html/lahacafe.vn/banhang/wp-includes/shortcodes.php(227): preg_replace_callback('/\\[(\\[?)(produc...', 'do_shortcode_ta...', '[product_laha_s...')
#3 /home/lah69881/public_html/lahacafe.vn/banhang/wp-content/themes/eduma-child/page-templates/home.php(81): do_shortcode('[product_laha_s...')
#4 /home/lah69881/public_html/lahacafe.vn/banhang/wp-includes/template-loader.php(106): include('/home/lah69881/...')
#5 /home/lah69881/public_html/lahacafe.vn/banhang/wp-blog-header.php(19): require_once('/home/lah69881/...')
#6 /home/lah69881/public_html/lahacafe.vn/banhang/index.php(17): require('/home/lah69881/...')
#7 {main}
  thrown in /home/lah69881/public_html/lahacafe.vn/banhang/wp-content/themes/eduma-child/functions.php on line 471

2023-01-03T08:00:26+00:00 CRITICAL Uncaught Error: Call to a member function is_in_stock() on null in /home/lah69881/public_html/lahacafe.vn/banhang/wp-content/themes/eduma-child/functions.php:479
Stack trace:
#0 /home/lah69881/public_html/lahacafe.vn/banhang/wp-includes/shortcodes.php(355): product_laha(Array, '', 'product_laha_sh...')
#1 [internal function]: do_shortcode_tag(Array)
#2 /home/lah69881/public_html/lahacafe.vn/banhang/wp-includes/shortcodes.php(227): preg_replace_callback('/\\[(\\[?)(produc...', 'do_shortcode_ta...', '[product_laha_s...')
#3 /home/lah69881/public_html/lahacafe.vn/banhang/wp-content/themes/eduma-child/page-templates/home.php(81): do_shortcode('[product_laha_s...')
#4 /home/lah69881/public_html/lahacafe.vn/banhang/wp-includes/template-loader.php(106): include('/home/lah69881/...')
#5 /home/lah69881/public_html/lahacafe.vn/banhang/wp-blog-header.php(19): require_once('/home/lah69881/...')
#6 /home/lah69881/public_html/lahacafe.vn/banhang/index.php(17): require('/home/lah69881/...')
#7 {main}
  thrown in /home/lah69881/public_html/lahacafe.vn/banhang/wp-content/themes/eduma-child/functions.php on line 479

2023-01-03T08:01:13+00:00 CRITICAL Uncaught Error: Call to a member function is_in_stock() on null in /home/lah69881/public_html/lahacafe.vn/banhang/wp-content/themes/eduma-child/functions.php:471
Stack trace:
#0 /home/lah69881/public_html/lahacafe.vn/banhang/wp-includes/shortcodes.php(355): product_laha(Array, '', 'product_laha_sh...')
#1 [internal function]: do_shortcode_tag(Array)
#2 /home/lah69881/public_html/lahacafe.vn/banhang/wp-includes/shortcodes.php(227): preg_replace_callback('/\\[(\\[?)(produc...', 'do_shortcode_ta...', '[product_laha_s...')
#3 /home/lah69881/public_html/lahacafe.vn/banhang/wp-content/themes/eduma-child/page-templates/home.php(81): do_shortcode('[product_laha_s...')
#4 /home/lah69881/public_html/lahacafe.vn/banhang/wp-includes/template-loader.php(106): include('/home/lah69881/...')
#5 /home/lah69881/public_html/lahacafe.vn/banhang/wp-blog-header.php(19): require_once('/home/lah69881/...')
#6 /home/lah69881/public_html/lahacafe.vn/banhang/index.php(17): require('/home/lah69881/...')
#7 {main}
  thrown in /home/lah69881/public_html/lahacafe.vn/banhang/wp-content/themes/eduma-child/functions.php on line 471

2023-01-03T08:38:00+00:00 CRITICAL syntax error, unexpected '}', expecting elseif (T_ELSEIF) or else (T_ELSE) or endif (T_ENDIF) in /home/lah69881/public_html/lahacafe.vn/banhang/wp-content/themes/eduma-child/functions.php on line 511

2023-01-03T08:44:45+00:00 CRITICAL Uncaught Error: Call to a member function is_in_stock() on null in /home/lah69881/public_html/lahacafe.vn/banhang/wp-content/themes/eduma-child/functions.php:480
Stack trace:
#0 /home/lah69881/public_html/lahacafe.vn/banhang/wp-includes/shortcodes.php(355): product_laha(Array, '', 'product_laha_sh...')
#1 [internal function]: do_shortcode_tag(Array)
#2 /home/lah69881/public_html/lahacafe.vn/banhang/wp-includes/shortcodes.php(227): preg_replace_callback('/\\[(\\[?)(produc...', 'do_shortcode_ta...', '[product_laha_s...')
#3 /home/lah69881/public_html/lahacafe.vn/banhang/wp-content/themes/eduma-child/page-templates/home.php(81): do_shortcode('[product_laha_s...')
#4 /home/lah69881/public_html/lahacafe.vn/banhang/wp-includes/template-loader.php(106): include('/home/lah69881/...')
#5 /home/lah69881/public_html/lahacafe.vn/banhang/wp-blog-header.php(19): require_once('/home/lah69881/...')
#6 /home/lah69881/public_html/lahacafe.vn/banhang/index.php(17): require('/home/lah69881/...')
#7 {main}
  thrown in /home/lah69881/public_html/lahacafe.vn/banhang/wp-content/themes/eduma-child/functions.php on line 480

